<?xml version="1.0" encoding="UTF-8"?>
<!-- Generated by org.testng.reporters.JUnitXMLReporter -->
<testsuite hostname="HDC2-L-2CF7QQ2" ignored="0" name="ie" tests="1" failures="1" timestamp="11 Mar 2019 10:02:50 GMT" time="0.005" errors="0">
  <testcase name="test" time="0.0" classname="testngPack.Mbrow">
    <failure type="org.testng.TestNGException" message="
Parameter &amp;apos;browser&amp;apos; is required by @Test on method test but has not been marked @Optional or defined
in C:\Users\suman.palle\eclipse-workspace\Sel3plusMar19\testNg.xml">
      <![CDATA[org.testng.TestNGException: 
Parameter 'browser' is required by @Test on method test but has not been marked @Optional or defined
in C:\Users\suman.palle\eclipse-workspace\Sel3plusMar19\testNg.xml
... Removed 23 stack frames]]>
    </failure>
  </testcase> <!-- test -->
</testsuite> <!-- ie -->
